
> carbonx@1.0.0 build
> next build

Γû▓ Next.js 16.1.6 (Turbopack)

  Creating an optimized production build ...
node.exe : 
At line:1 char:1
+ & "C:\Program Files\
nodejs/node.exe" 
"C:\Program 
Files\nodejs/node_mo 
...
+ ~~~~~~~~~~~~~~~~~~~~
~~~~~~~~~~~~~~~~~~~~~~
~~~~~~~~~~~~~~~~~~~~~~
~~~~~
    + CategoryInfo    
          : NotSpeci  
  fied: (:String) [   
 ], RemoteExceptio    
n
    + FullyQualifiedE 
   rrorId : NativeCo  
  mmandError
 
> Build error occurred
Error: Turbopack 
build failed with 2 
errors:
./src/components/Liqui
dEther.jsx:1:10
Ecmascript file had 
an error
[0m[31m[1m>[22m[3
9m[90m 1 |[39m 
[36mimport[39m { 
useEffect[33m,[39m 
useRef } 
[36mfrom[39m [32m'r
eact'[39m[33m;[39m
 [90m   |[39m       
   [31m[1m^[22m[39
m[31m[1m^[22m[39m
[31m[1m^[22m[39m[3
1m[1m^[22m[39m[31m
[1m^[22m[39m[31m[
1m^[22m[39m[31m[1m
^[22m[39m[31m[1m^
[22m[39m[31m[1m^[2
2m[39m
 [90m 2 |[39m 
[36mimport[39m 
[33m*[39m 
[36mas[39m 
[33mTHREE[39m 
[36mfrom[39m [32m't
hree'[39m[33m;[39m
 [90m 3 |[39m 
[36mimport[39m [32m
'./LiquidEther.css'[3
9m[33m;[39m
 [90m 4 |[39m[0m

You're importing a 
component that needs 
`useEffect`. This 
React Hook only works 
in a Client 
Component. To fix, 
mark the file (or its 
parent) with the 
`"use client"` 
directive.

 Learn more: https://n
extjs.org/docs/app/api
-reference/directives/
use-client



Import trace:
  Server Component:
    ./src/components/L
iquidEther.jsx
    
./src/app/layout.tsx


./src/components/Liqui
dEther.jsx:1:21
Ecmascript file had 
an error
[0m[31m[1m>[22m[3
9m[90m 1 |[39m 
[36mimport[39m { 
useEffect[33m,[39m 
useRef } 
[36mfrom[39m [32m'r
eact'[39m[33m;[39m
 [90m   |[39m       
              [31m[1
m^[22m[39m[31m[1m^
[22m[39m[31m[1m^[
22m[39m[31m[1m^[22
m[39m[31m[1m^[22m
[39m[31m[1m^[22m[3
9m
 [90m 2 |[39m 
[36mimport[39m 
[33m*[39m 
[36mas[39m 
[33mTHREE[39m 
[36mfrom[39m [32m't
hree'[39m[33m;[39m
 [90m 3 |[39m 
[36mimport[39m [32m
'./LiquidEther.css'[3
9m[33m;[39m
 [90m 4 |[39m[0m

You're importing a 
component that needs 
`useRef`. This React 
Hook only works in a 
Client Component. To 
fix, mark the file 
(or its parent) with 
the `"use client"` 
directive.

 Learn more: https://n
extjs.org/docs/app/api
-reference/directives/
use-client



Import trace:
  Server Component:
    ./src/components/L
iquidEther.jsx
    
./src/app/layout.tsx


    at <unknown> (./sr
c/components/LiquidEth
er.jsx:1:10)
    at <unknown> (./sr
c/components/LiquidEth
er.jsx:1:21)
